app/build/intermediates/manifest_merge_blame_file/release/processReleaseMainManifest/manifest-merger-blame-release-report.txt
1<?xml version="1.0" encoding="utf-8"?>
2<manifest xmlns:android="http://schemas.android.com/apk/res/android"
3    package="com.revenueaccount.app"
4    android:versionCode="9"
5    android:versionName="1.1.8" >
6
7    <uses-sdk
8        android:minSdkVersion="26"
9        android:targetSdkVersion="36" />
10
11    <uses-permission android:name="android.permission.INTERNET" />
11-->src\main\AndroidManifest.xml:4:5-67
11-->src\main\AndroidManifest.xml:4:22-64
12    <uses-permission android:name="android.permission.CALL_PHONE" />
12-->src\main\AndroidManifest.xml:5:5-69
12-->src\main\AndroidManifest.xml:5:22-66
13    <uses-permission android:name="android.permission.CAMERA" />
13-->src\main\AndroidManifest.xml:6:5-65
13-->src\main\AndroidManifest.xml:6:22-62
14    <uses-permission android:name="android.permission.POST_NOTIFICATIONS" />
14-->src\main\AndroidManifest.xml:7:5-77
14-->src\main\AndroidManifest.xml:7:22-74
15
16    <uses-feature
16-->src\main\AndroidManifest.xml:8:5-85
17        android:name="android.hardware.camera"
17-->src\main\AndroidManifest.xml:8:19-57
18        android:required="false" />
18-->src\main\AndroidManifest.xml:8:58-82
19    <uses-feature
19-->src\main\AndroidManifest.xml:9:5-95
20        android:name="android.hardware.camera.autofocus"
20-->src\main\AndroidManifest.xml:9:19-67
21        android:required="false" />
21-->src\main\AndroidManifest.xml:9:68-92
22    <uses-feature
22-->[com.journeyapps:zxing-android-embedded:4.3.0] AndroidManifest.xml:28:5-30:36
23        android:name="android.hardware.camera.front"
23-->[com.journeyapps:zxing-android-embedded:4.3.0] AndroidManifest.xml:29:9-53
24        android:required="false" />
24-->[com.journeyapps:zxing-android-embedded:4.3.0] AndroidManifest.xml:30:9-33
25    <uses-feature
25-->[com.journeyapps:zxing-android-embedded:4.3.0] AndroidManifest.xml:36:5-38:36
26        android:name="android.hardware.camera.flash"
26-->[com.journeyapps:zxing-android-embedded:4.3.0] AndroidManifest.xml:37:9-53
27        android:required="false" />
27-->[com.journeyapps:zxing-android-embedded:4.3.0] AndroidManifest.xml:38:9-33
28    <uses-feature
28-->[com.journeyapps:zxing-android-embedded:4.3.0] AndroidManifest.xml:39:5-41:36
29        android:name="android.hardware.screen.landscape"
29-->[com.journeyapps:zxing-android-embedded:4.3.0] AndroidManifest.xml:40:9-57
30        android:required="false" />
30-->[com.journeyapps:zxing-android-embedded:4.3.0] AndroidManifest.xml:41:9-33
31    <uses-feature
31-->[com.journeyapps:zxing-android-embedded:4.3.0] AndroidManifest.xml:42:5-44:36
32        android:name="android.hardware.wifi"
32-->[com.journeyapps:zxing-android-embedded:4.3.0] AndroidManifest.xml:43:9-45
33        android:required="false" />
33-->[com.journeyapps:zxing-android-embedded:4.3.0] AndroidManifest.xml:44:9-33
34
35    <uses-permission android:name="android.permission.ACCESS_NETWORK_STATE" />
35-->[com.google.firebase:firebase-messaging:25.1.1] AndroidManifest.xml:22:5-79
35-->[com.google.firebase:firebase-messaging:25.1.1] AndroidManifest.xml:22:22-76
36    <uses-permission android:name="android.permission.WAKE_LOCK" /> <!-- Required by older versions of Google Play services to create IID tokens -->
36-->[com.google.firebase:firebase-messaging:25.1.1] AndroidManifest.xml:24:5-68
36-->[com.google.firebase:firebase-messaging:25.1.1] AndroidManifest.xml:24:22-65
37    <uses-permission android:name="com.google.android.c2dm.permission.RECEIVE" />
37-->[com.google.firebase:firebase-messaging:25.1.1] AndroidManifest.xml:26:5-82
37-->[com.google.firebase:firebase-messaging:25.1.1] AndroidManifest.xml:26:22-79
38    <uses-permission android:name="com.google.android.gms.permission.AD_ID" />
38-->[com.google.android.gms:play-services-measurement-api:23.2.0] AndroidManifest.xml:25:5-79
38-->[com.google.android.gms:play-services-measurement-api:23.2.0] AndroidManifest.xml:25:22-76
39    <uses-permission android:name="android.permission.ACCESS_ADSERVICES_ATTRIBUTION" />
39-->[com.google.android.gms:play-services-measurement-api:23.2.0] AndroidManifest.xml:26:5-88
39-->[com.google.android.gms:play-services-measurement-api:23.2.0] AndroidManifest.xml:26:22-85
40    <uses-permission android:name="android.permission.ACCESS_ADSERVICES_AD_ID" />
40-->[com.google.android.gms:play-services-measurement-api:23.2.0] AndroidManifest.xml:27:5-82
40-->[com.google.android.gms:play-services-measurement-api:23.2.0] AndroidManifest.xml:27:22-79
41    <uses-permission android:name="com.google.android.finsky.permission.BIND_GET_INSTALL_REFERRER_SERVICE" />
41-->[com.google.android.gms:play-services-measurement:23.2.0] AndroidManifest.xml:26:5-110
41-->[com.google.android.gms:play-services-measurement:23.2.0] AndroidManifest.xml:26:22-107
42    <uses-permission android:name="android.permission.NFC" />
42-->[com.razorpay:standard-core:1.7.17] AndroidManifest.xml:9:5-62
42-->[com.razorpay:standard-core:1.7.17] AndroidManifest.xml:9:22-59
43
44    <uses-feature
44-->[com.razorpay:standard-core:1.7.17] AndroidManifest.xml:11:5-13:36
45        android:name="android.hardware.nfc"
45-->[com.razorpay:standard-core:1.7.17] AndroidManifest.xml:12:9-44
46        android:required="false" />
46-->[com.razorpay:standard-core:1.7.17] AndroidManifest.xml:13:9-33
47
48    <queries>
48-->[com.razorpay:standard-core:1.7.17] AndroidManifest.xml:15:5-44:15
49        <intent>
49-->[com.razorpay:standard-core:1.7.17] AndroidManifest.xml:16:9-22:18
50            <action android:name="android.intent.action.VIEW" />
50-->[com.razorpay:standard-core:1.7.17] AndroidManifest.xml:17:13-65
50-->[com.razorpay:standard-core:1.7.17] AndroidManifest.xml:17:21-62
51
52            <data
52-->[com.razorpay:standard-core:1.7.17] AndroidManifest.xml:19:13-21:38
53                android:mimeType="*/*"
53-->[com.razorpay:standard-core:1.7.17] AndroidManifest.xml:20:17-39
54                android:scheme="*" />
54-->[com.razorpay:standard-core:1.7.17] AndroidManifest.xml:21:17-35
55        </intent>
56        <intent>
56-->[com.razorpay:standard-core:1.7.17] AndroidManifest.xml:23:9-32:18
57            <action android:name="android.intent.action.VIEW" />
57-->[com.razorpay:standard-core:1.7.17] AndroidManifest.xml:17:13-65
57-->[com.razorpay:standard-core:1.7.17] AndroidManifest.xml:17:21-62
58
59            <category android:name="android.intent.category.BROWSABLE" />
59-->[com.razorpay:standard-core:1.7.17] AndroidManifest.xml:26:13-74
59-->[com.razorpay:standard-core:1.7.17] AndroidManifest.xml:26:23-71
60
61            <data
61-->[com.razorpay:standard-core:1.7.17] AndroidManifest.xml:19:13-21:38
62                android:host="pay"
63                android:mimeType="*/*"
63-->[com.razorpay:standard-core:1.7.17] AndroidManifest.xml:20:17-39
64                android:scheme="upi" />
64-->[com.razorpay:standard-core:1.7.17] AndroidManifest.xml:21:17-35
65        </intent>
66        <intent>
66-->[com.razorpay:standard-core:1.7.17] AndroidManifest.xml:33:9-35:18
67            <action android:name="android.intent.action.MAIN" />
67-->src\main\AndroidManifest.xml:35:17-69
67-->src\main\AndroidManifest.xml:35:25-66
68        </intent>
69        <intent>
69-->[com.razorpay:standard-core:1.7.17] AndroidManifest.xml:36:9-40:18
70            <action android:name="android.intent.action.SEND" />
70-->[com.razorpay:standard-core:1.7.17] AndroidManifest.xml:37:13-65
70-->[com.razorpay:standard-core:1.7.17] AndroidManifest.xml:37:21-62
71
72            <data android:mimeType="*/*" />
72-->[com.razorpay:standard-core:1.7.17] AndroidManifest.xml:19:13-21:38
72-->[com.razorpay:standard-core:1.7.17] AndroidManifest.xml:20:17-39
73        </intent>
74        <intent>
74-->[com.razorpay:standard-core:1.7.17] AndroidManifest.xml:41:9-43:18
75            <action android:name="rzp.device_token.share" />
75-->[com.razorpay:standard-core:1.7.17] AndroidManifest.xml:42:13-61
75-->[com.razorpay:standard-core:1.7.17] AndroidManifest.xml:42:21-58
76        </intent>
77        <intent>
77-->[com.razorpay:core:1.0.18] AndroidManifest.xml:17:9-21:18
78            <action android:name="android.intent.action.VIEW" />
78-->[com.razorpay:standard-core:1.7.17] AndroidManifest.xml:17:13-65
78-->[com.razorpay:standard-core:1.7.17] AndroidManifest.xml:17:21-62
79
80            <data android:scheme="upi" />
80-->[com.razorpay:standard-core:1.7.17] AndroidManifest.xml:19:13-21:38
80-->[com.razorpay:standard-core:1.7.17] AndroidManifest.xml:21:17-35
81        </intent>
82    </queries>
83
84    <uses-feature
84-->[com.google.android.gms:play-services-maps:17.0.0] AndroidManifest.xml:26:5-28:35
85        android:glEsVersion="0x00020000"
85-->[com.google.android.gms:play-services-maps:17.0.0] AndroidManifest.xml:27:9-41
86        android:required="true" />
86-->[com.google.android.gms:play-services-maps:17.0.0] AndroidManifest.xml:28:9-32
87
88    <permission
88-->[androidx.core:core:1.13.0] AndroidManifest.xml:22:5-24:47
89        android:name="com.revenueaccount.app.DYNAMIC_RECEIVER_NOT_EXPORTED_PERMISSION"
89-->[androidx.core:core:1.13.0] AndroidManifest.xml:23:9-81
90        android:protectionLevel="signature" />
90-->[androidx.core:core:1.13.0] AndroidManifest.xml:24:9-44
91
92    <uses-permission android:name="com.revenueaccount.app.DYNAMIC_RECEIVER_NOT_EXPORTED_PERMISSION" /> <!-- Normal permission, automatically granted on API 23+ -->
92-->[androidx.core:core:1.13.0] AndroidManifest.xml:26:5-97
92-->[androidx.core:core:1.13.0] AndroidManifest.xml:26:22-94
93    <uses-permission android:name="android.permission.READ_BASIC_PHONE_STATE" />
93-->[com.razorpay:core:1.0.18] AndroidManifest.xml:10:5-81
93-->[com.razorpay:core:1.0.18] AndroidManifest.xml:10:22-78
94
95    <application
95-->src\main\AndroidManifest.xml:11:5-89:19
96        android:name="com.revenueaccount.app.RevenueAccountApp"
96-->src\main\AndroidManifest.xml:12:9-42
97        android:allowBackup="true"
97-->src\main\AndroidManifest.xml:13:9-35
98        android:appComponentFactory="androidx.core.app.CoreComponentFactory"
98-->[androidx.core:core:1.13.0] AndroidManifest.xml:28:18-86
99        android:extractNativeLibs="false"
100        android:icon="@mipmap/ic_launcher"
100-->src\main\AndroidManifest.xml:14:9-43
101        android:label="Mobile JobCard"
101-->src\main\AndroidManifest.xml:16:9-39
102        android:roundIcon="@mipmap/ic_launcher_round"
102-->src\main\AndroidManifest.xml:15:9-54
103        android:theme="@style/Theme.RevenueAccount"
103-->src\main\AndroidManifest.xml:17:9-52
104        android:usesCleartextTraffic="true" >
104-->src\main\AndroidManifest.xml:18:9-44
105        <service
105-->src\main\AndroidManifest.xml:19:9-25:19
106            android:name="com.revenueaccount.app.messaging.MyFirebaseMessagingService"
106-->src\main\AndroidManifest.xml:20:13-65
107            android:exported="false" >
107-->src\main\AndroidManifest.xml:21:13-37
108            <intent-filter>
108-->src\main\AndroidManifest.xml:22:13-24:29
109                <action android:name="com.google.firebase.MESSAGING_EVENT" />
109-->src\main\AndroidManifest.xml:23:17-78
109-->src\main\AndroidManifest.xml:23:25-75
110            </intent-filter>
111        </service>
112
113        <meta-data
113-->src\main\AndroidManifest.xml:26:9-28:54
114            android:name="com.google.firebase.messaging.default_notification_channel_id"
114-->src\main\AndroidManifest.xml:27:13-89
115            android:value="mobile_jobcard_default" />
115-->src\main\AndroidManifest.xml:28:13-51
116        <meta-data
116-->src\main\AndroidManifest.xml:29:9-31:60
117            android:name="com.google.firebase.messaging.default_notification_icon"
117-->src\main\AndroidManifest.xml:30:13-83
118            android:resource="@drawable/ic_notification" />
118-->src\main\AndroidManifest.xml:31:13-57
119
120        <activity
120-->src\main\AndroidManifest.xml:33:9-38:20
121            android:name="com.revenueaccount.app.activities.SplashActivity"
121-->src\main\AndroidManifest.xml:33:19-60
122            android:exported="true" >
122-->src\main\AndroidManifest.xml:33:61-84
123            <intent-filter>
123-->src\main\AndroidManifest.xml:34:13-37:29
124                <action android:name="android.intent.action.MAIN" />
124-->src\main\AndroidManifest.xml:35:17-69
124-->src\main\AndroidManifest.xml:35:25-66
125
126                <category android:name="android.intent.category.LAUNCHER" />
126-->src\main\AndroidManifest.xml:36:17-77
126-->src\main\AndroidManifest.xml:36:27-74
127            </intent-filter>
128        </activity>
129        <activity android:name="com.revenueaccount.app.activities.UpdateRequiredActivity" />
129-->src\main\AndroidManifest.xml:39:9-71
129-->src\main\AndroidManifest.xml:39:19-68
130        <activity android:name="com.revenueaccount.app.activities.LoginActivity" />
130-->src\main\AndroidManifest.xml:40:9-62
130-->src\main\AndroidManifest.xml:40:19-59
131        <activity android:name="com.revenueaccount.app.activities.ForgotPasswordActivity" />
131-->src\main\AndroidManifest.xml:41:9-71
131-->src\main\AndroidManifest.xml:41:19-68
132        <activity android:name="com.revenueaccount.app.activities.RegisterActivity" />
132-->src\main\AndroidManifest.xml:42:9-65
132-->src\main\AndroidManifest.xml:42:19-62
133        <activity android:name="com.revenueaccount.app.activities.OtpVerifyActivity" />
133-->src\main\AndroidManifest.xml:43:9-66
133-->src\main\AndroidManifest.xml:43:19-63
134        <activity android:name="com.revenueaccount.app.activities.DashboardActivity" />
134-->src\main\AndroidManifest.xml:44:9-66
134-->src\main\AndroidManifest.xml:44:19-63
135        <activity android:name="com.revenueaccount.app.activities.NewJobCardActivity" />
135-->src\main\AndroidManifest.xml:45:9-67
135-->src\main\AndroidManifest.xml:45:19-64
136        <activity android:name="com.revenueaccount.app.activities.JobDetailsActivity" />
136-->src\main\AndroidManifest.xml:46:9-67
136-->src\main\AndroidManifest.xml:46:19-64
137        <activity android:name="com.revenueaccount.app.activities.EditJobActivity" />
137-->src\main\AndroidManifest.xml:47:9-64
137-->src\main\AndroidManifest.xml:47:19-61
138        <activity android:name="com.revenueaccount.app.activities.JobsActivity" />
138-->src\main\AndroidManifest.xml:48:9-61
138-->src\main\AndroidManifest.xml:48:19-58
139        <activity android:name="com.revenueaccount.app.activities.CustomersActivity" />
139-->src\main\AndroidManifest.xml:49:9-66
139-->src\main\AndroidManifest.xml:49:19-63
140        <activity android:name="com.revenueaccount.app.activities.CustomerDetailActivity" />
140-->src\main\AndroidManifest.xml:50:9-71
140-->src\main\AndroidManifest.xml:50:19-68
141        <activity android:name="com.revenueaccount.app.activities.InventoryActivity" />
141-->src\main\AndroidManifest.xml:51:9-66
141-->src\main\AndroidManifest.xml:51:19-63
142        <activity android:name="com.revenueaccount.app.activities.ReportsActivity" />
142-->src\main\AndroidManifest.xml:52:9-64
142-->src\main\AndroidManifest.xml:52:19-61
143        <activity android:name="com.revenueaccount.app.activities.SettingsActivity" />
143-->src\main\AndroidManifest.xml:53:9-65
143-->src\main\AndroidManifest.xml:53:19-62
144        <activity android:name="com.revenueaccount.app.activities.DeliveryActivity" />
144-->src\main\AndroidManifest.xml:54:9-65
144-->src\main\AndroidManifest.xml:54:19-62
145        <activity android:name="com.revenueaccount.app.activities.KhataActivity" />
145-->src\main\AndroidManifest.xml:55:9-62
145-->src\main\AndroidManifest.xml:55:19-59
146        <activity android:name="com.revenueaccount.app.activities.RedeemVoucherActivity" />
146-->src\main\AndroidManifest.xml:56:9-70
146-->src\main\AndroidManifest.xml:56:19-67
147        <activity android:name="com.revenueaccount.app.activities.StaffActivity" />
147-->src\main\AndroidManifest.xml:57:9-62
147-->src\main\AndroidManifest.xml:57:19-59
148        <activity android:name="com.revenueaccount.app.activities.SubscriptionActivity" />
148-->src\main\AndroidManifest.xml:58:9-69
148-->src\main\AndroidManifest.xml:58:19-66
149        <activity android:name="com.revenueaccount.app.activities.ShopProfileActivity" />
149-->src\main\AndroidManifest.xml:59:9-68
149-->src\main\AndroidManifest.xml:59:19-65
150        <activity android:name="com.revenueaccount.app.activities.PrintSettingsActivity" />
150-->src\main\AndroidManifest.xml:60:9-70
150-->src\main\AndroidManifest.xml:60:19-67
151        <activity android:name="com.revenueaccount.app.activities.TemplatesActivity" />
151-->src\main\AndroidManifest.xml:61:9-66
151-->src\main\AndroidManifest.xml:61:19-63
152        <activity android:name="com.revenueaccount.app.activities.NotificationSettingsActivity" />
152-->src\main\AndroidManifest.xml:62:9-77
152-->src\main\AndroidManifest.xml:62:19-74
153        <activity android:name="com.revenueaccount.app.activities.BackupActivity" />
153-->src\main\AndroidManifest.xml:63:9-63
153-->src\main\AndroidManifest.xml:63:19-60
154        <activity android:name="com.revenueaccount.app.activities.ChangePasswordActivity" />
154-->src\main\AndroidManifest.xml:64:9-71
154-->src\main\AndroidManifest.xml:64:19-68
155        <activity android:name="com.revenueaccount.app.activities.ActivityLogActivity" />
155-->src\main\AndroidManifest.xml:65:9-68
155-->src\main\AndroidManifest.xml:65:19-65
156        <activity android:name="com.revenueaccount.app.activities.AboutActivity" />
156-->src\main\AndroidManifest.xml:66:9-62
156-->src\main\AndroidManifest.xml:66:19-59
157        <activity android:name="com.revenueaccount.app.activities.RolesInfoActivity" />
157-->src\main\AndroidManifest.xml:67:9-66
157-->src\main\AndroidManifest.xml:67:19-63
158        <activity android:name="com.revenueaccount.app.activities.ExpensesActivity" />
158-->src\main\AndroidManifest.xml:68:9-65
158-->src\main\AndroidManifest.xml:68:19-62
159        <activity android:name="com.revenueaccount.app.activities.WelcomeActivity" />
159-->src\main\AndroidManifest.xml:69:9-64
159-->src\main\AndroidManifest.xml:69:19-61
160
161        <!-- Fixes barcode scanner rotating to landscape: forces portrait orientation -->
162        <activity
162-->src\main\AndroidManifest.xml:73:9-76:63
163            android:name="com.revenueaccount.app.scanner.PortraitCaptureActivity"
163-->src\main\AndroidManifest.xml:73:19-66
164            android:screenOrientation="portrait"
164-->src\main\AndroidManifest.xml:74:13-49
165            android:theme="@style/zxing_CaptureTheme"
165-->src\main\AndroidManifest.xml:75:13-54
166            android:windowSoftInputMode="stateAlwaysHidden" />
166-->src\main\AndroidManifest.xml:76:13-60
167        <activity android:name="com.revenueaccount.app.activities.PrivacyPolicyActivity" />
167-->src\main\AndroidManifest.xml:77:9-70
167-->src\main\AndroidManifest.xml:77:19-67
168        <activity android:name="com.revenueaccount.app.activities.DeveloperInfoActivity" />
168-->src\main\AndroidManifest.xml:78:9-70
168-->src\main\AndroidManifest.xml:78:19-67
169
170        <provider
171            android:name="androidx.core.content.FileProvider"
171-->src\main\AndroidManifest.xml:81:13-62
172            android:authorities="com.revenueaccount.app.fileprovider"
172-->src\main\AndroidManifest.xml:82:13-64
173            android:exported="false"
173-->src\main\AndroidManifest.xml:83:13-37
174            android:grantUriPermissions="true" >
174-->src\main\AndroidManifest.xml:84:13-47
175            <meta-data
175-->src\main\AndroidManifest.xml:85:13-87:54
176                android:name="android.support.FILE_PROVIDER_PATHS"
176-->src\main\AndroidManifest.xml:86:17-67
177                android:resource="@xml/file_paths" />
177-->src\main\AndroidManifest.xml:87:17-51
178        </provider>
179
180        <activity
180-->[com.journeyapps:zxing-android-embedded:4.3.0] AndroidManifest.xml:47:9-53:63
181            android:name="com.journeyapps.barcodescanner.CaptureActivity"
181-->[com.journeyapps:zxing-android-embedded:4.3.0] AndroidManifest.xml:48:13-74
182            android:clearTaskOnLaunch="true"
182-->[com.journeyapps:zxing-android-embedded:4.3.0] AndroidManifest.xml:49:13-45
183            android:screenOrientation="sensorLandscape"
183-->[com.journeyapps:zxing-android-embedded:4.3.0] AndroidManifest.xml:50:13-56
184            android:stateNotNeeded="true"
184-->[com.journeyapps:zxing-android-embedded:4.3.0] AndroidManifest.xml:51:13-42
185            android:theme="@style/zxing_CaptureTheme"
185-->[com.journeyapps:zxing-android-embedded:4.3.0] AndroidManifest.xml:52:13-54
186            android:windowSoftInputMode="stateAlwaysHidden" />
186-->[com.journeyapps:zxing-android-embedded:4.3.0] AndroidManifest.xml:53:13-60
187
188        <receiver
188-->[com.google.firebase:firebase-messaging:25.1.1] AndroidManifest.xml:29:9-40:20
189            android:name="com.google.firebase.iid.FirebaseInstanceIdReceiver"
189-->[com.google.firebase:firebase-messaging:25.1.1] AndroidManifest.xml:30:13-78
190            android:exported="true"
190-->[com.google.firebase:firebase-messaging:25.1.1] AndroidManifest.xml:31:13-36
191            android:permission="com.google.android.c2dm.permission.SEND" >
191-->[com.google.firebase:firebase-messaging:25.1.1] AndroidManifest.xml:32:13-73
192            <intent-filter>
192-->[com.google.firebase:firebase-messaging:25.1.1] AndroidManifest.xml:33:13-35:29
193                <action android:name="com.google.android.c2dm.intent.RECEIVE" />
193-->[com.google.firebase:firebase-messaging:25.1.1] AndroidManifest.xml:34:17-81
193-->[com.google.firebase:firebase-messaging:25.1.1] AndroidManifest.xml:34:25-78
194            </intent-filter>
195
196            <meta-data
196-->[com.google.firebase:firebase-messaging:25.1.1] AndroidManifest.xml:37:13-39:40
197                android:name="com.google.android.gms.cloudmessaging.FINISHED_AFTER_HANDLED"
197-->[com.google.firebase:firebase-messaging:25.1.1] AndroidManifest.xml:38:17-92
198                android:value="true" />
198-->[com.google.firebase:firebase-messaging:25.1.1] AndroidManifest.xml:39:17-37
199        </receiver>
200        <!--
201             FirebaseMessagingService performs security checks at runtime,
202             but set to not exported to explicitly avoid allowing another app to call it.
203        -->
204        <service
204-->[com.google.firebase:firebase-messaging:25.1.1] AndroidManifest.xml:46:9-53:19
205            android:name="com.google.firebase.messaging.FirebaseMessagingService"
205-->[com.google.firebase:firebase-messaging:25.1.1] AndroidManifest.xml:47:13-82
206            android:directBootAware="true"
206-->[com.google.firebase:firebase-messaging:25.1.1] AndroidManifest.xml:48:13-43
207            android:exported="false" >
207-->[com.google.firebase:firebase-messaging:25.1.1] AndroidManifest.xml:49:13-37
208            <intent-filter android:priority="-500" >
208-->src\main\AndroidManifest.xml:22:13-24:29
209                <action android:name="com.google.firebase.MESSAGING_EVENT" />
209-->src\main\AndroidManifest.xml:23:17-78
209-->src\main\AndroidManifest.xml:23:25-75
210            </intent-filter>
211        </service>
212        <service
212-->[com.google.firebase:firebase-messaging:25.1.1] AndroidManifest.xml:54:9-63:19
213            android:name="com.google.firebase.components.ComponentDiscoveryService"
213-->[com.google.firebase:firebase-messaging:25.1.1] AndroidManifest.xml:55:13-84
214            android:directBootAware="true"
214-->[com.google.firebase:firebase-common:22.1.0] AndroidManifest.xml:32:13-43
215            android:exported="false" >
215-->[com.google.firebase:firebase-messaging:25.1.1] AndroidManifest.xml:56:13-37
216            <meta-data
216-->[com.google.firebase:firebase-messaging:25.1.1] AndroidManifest.xml:57:13-59:85
217                android:name="com.google.firebase.components:com.google.firebase.messaging.FirebaseMessagingKtxRegistrar"
217-->[com.google.firebase:firebase-messaging:25.1.1] AndroidManifest.xml:58:17-122
218                android:value="com.google.firebase.components.ComponentRegistrar" />
218-->[com.google.firebase:firebase-messaging:25.1.1] AndroidManifest.xml:59:17-82
219            <meta-data
219-->[com.google.firebase:firebase-messaging:25.1.1] AndroidManifest.xml:60:13-62:85
220                android:name="com.google.firebase.components:com.google.firebase.messaging.FirebaseMessagingRegistrar"
220-->[com.google.firebase:firebase-messaging:25.1.1] AndroidManifest.xml:61:17-119
221                android:value="com.google.firebase.components.ComponentRegistrar" />
221-->[com.google.firebase:firebase-messaging:25.1.1] AndroidManifest.xml:62:17-82
222            <meta-data
222-->[com.google.android.gms:play-services-measurement-api:23.2.0] AndroidManifest.xml:33:13-35:85
223                android:name="com.google.firebase.components:com.google.firebase.analytics.connector.internal.AnalyticsConnectorRegistrar"
223-->[com.google.android.gms:play-services-measurement-api:23.2.0] AndroidManifest.xml:34:17-139
224                android:value="com.google.firebase.components.ComponentRegistrar" />
224-->[com.google.android.gms:play-services-measurement-api:23.2.0] AndroidManifest.xml:35:17-82
225            <meta-data
225-->[com.google.firebase:firebase-installations:19.1.2] AndroidManifest.xml:15:13-17:85
226                android:name="com.google.firebase.components:com.google.firebase.installations.FirebaseInstallationsKtxRegistrar"
226-->[com.google.firebase:firebase-installations:19.1.2] AndroidManifest.xml:16:17-130
227                android:value="com.google.firebase.components.ComponentRegistrar" />
227-->[com.google.firebase:firebase-installations:19.1.2] AndroidManifest.xml:17:17-82
228            <meta-data
228-->[com.google.firebase:firebase-installations:19.1.2] AndroidManifest.xml:18:13-20:85
229                android:name="com.google.firebase.components:com.google.firebase.installations.FirebaseInstallationsRegistrar"
229-->[com.google.firebase:firebase-installations:19.1.2] AndroidManifest.xml:19:17-127
230                android:value="com.google.firebase.components.ComponentRegistrar" />
230-->[com.google.firebase:firebase-installations:19.1.2] AndroidManifest.xml:20:17-82
231            <meta-data
231-->[com.google.firebase:firebase-common:22.1.0] AndroidManifest.xml:35:13-37:85
232                android:name="com.google.firebase.components:com.google.firebase.FirebaseCommonKtxRegistrar"
232-->[com.google.firebase:firebase-common:22.1.0] AndroidManifest.xml:36:17-109
233                android:value="com.google.firebase.components.ComponentRegistrar" />
233-->[com.google.firebase:firebase-common:22.1.0] AndroidManifest.xml:37:17-82
234            <meta-data
234-->[com.google.firebase:firebase-datatransport:18.2.0] AndroidManifest.xml:25:13-27:85
235                android:name="com.google.firebase.components:com.google.firebase.datatransport.TransportRegistrar"
235-->[com.google.firebase:firebase-datatransport:18.2.0] AndroidManifest.xml:26:17-115
236                android:value="com.google.firebase.components.ComponentRegistrar" />
236-->[com.google.firebase:firebase-datatransport:18.2.0] AndroidManifest.xml:27:17-82
237        </service>
238
239        <provider
239-->[com.google.firebase:firebase-common:22.1.0] AndroidManifest.xml:23:9-28:39
240            android:name="com.google.firebase.provider.FirebaseInitProvider"
240-->[com.google.firebase:firebase-common:22.1.0] AndroidManifest.xml:24:13-77
241            android:authorities="com.revenueaccount.app.firebaseinitprovider"
241-->[com.google.firebase:firebase-common:22.1.0] AndroidManifest.xml:25:13-72
242            android:directBootAware="true"
242-->[com.google.firebase:firebase-common:22.1.0] AndroidManifest.xml:26:13-43
243            android:exported="false"
243-->[com.google.firebase:firebase-common:22.1.0] AndroidManifest.xml:27:13-37
244            android:initOrder="100" />
244-->[com.google.firebase:firebase-common:22.1.0] AndroidManifest.xml:28:13-36
245
246        <service
246-->[com.google.android.datatransport:transport-backend-cct:3.1.9] AndroidManifest.xml:28:9-34:19
247            android:name="com.google.android.datatransport.runtime.backends.TransportBackendDiscovery"
247-->[com.google.android.datatransport:transport-backend-cct:3.1.9] AndroidManifest.xml:29:13-103
248            android:exported="false" >
248-->[com.google.android.datatransport:transport-backend-cct:3.1.9] AndroidManifest.xml:30:13-37
249            <meta-data
249-->[com.google.android.datatransport:transport-backend-cct:3.1.9] AndroidManifest.xml:31:13-33:39
250                android:name="backend:com.google.android.datatransport.cct.CctBackendFactory"
250-->[com.google.android.datatransport:transport-backend-cct:3.1.9] AndroidManifest.xml:32:17-94
251                android:value="cct" />
251-->[com.google.android.datatransport:transport-backend-cct:3.1.9] AndroidManifest.xml:33:17-36
252        </service>
253        <service
253-->[com.google.android.datatransport:transport-runtime:3.1.9] AndroidManifest.xml:26:9-30:19
254            android:name="com.google.android.datatransport.runtime.scheduling.jobscheduling.JobInfoSchedulerService"
254-->[com.google.android.datatransport:transport-runtime:3.1.9] AndroidManifest.xml:27:13-117
255            android:exported="false"
255-->[com.google.android.datatransport:transport-runtime:3.1.9] AndroidManifest.xml:28:13-37
256            android:permission="android.permission.BIND_JOB_SERVICE" >
256-->[com.google.android.datatransport:transport-runtime:3.1.9] AndroidManifest.xml:29:13-69
257        </service>
258
259        <receiver
259-->[com.google.android.datatransport:transport-runtime:3.1.9] AndroidManifest.xml:32:9-34:40
260            android:name="com.google.android.datatransport.runtime.scheduling.jobscheduling.AlarmManagerSchedulerBroadcastReceiver"